14/08/2016 04:18:49 p.m..69 Error en Cuenta_Obtener_Char_Info. CharID: 1. Cuenta: LEAN. Error: [MySQL][ODBC 5.3(a) Driver][mysqld-5.5.32]Unknown column 'HerramientaAnim' in 'field list'
14/08/2016 04:18:49 p.m..70 Error en Cuenta_Obtener_Char_Info. CharID: 3. Cuenta: LEAN. Error: [MySQL][ODBC 5.3(a) Driver][mysqld-5.5.32]Unknown column 'HerramientaAnim' in 'field list'
14/08/2016 04:18:49 p.m..70 Error en Cuenta_Obtener_Char_Info. CharID: 4. Cuenta: LEAN. Error: [MySQL][ODBC 5.3(a) Driver][mysqld-5.5.32]Unknown column 'HerramientaAnim' in 'field list'
14/08/2016 04:18:49 p.m..70 Error en Cuenta_Obtener_Char_Info. CharID: 5. Cuenta: LEAN. Error: [MySQL][ODBC 5.3(a) Driver][mysqld-5.5.32]Unknown column 'HerramientaAnim' in 'field list'
14/08/2016 04:18:58 p.m..66 Error en Cuenta_Obtener_Char_Info. CharID: 1. Cuenta: LEAN. Error: [MySQL][ODBC 5.3(a) Driver][mysqld-5.5.32]Unknown column 'HerramientaAnim' in 'field list'
14/08/2016 04:18:58 p.m..66 Error en Cuenta_Obtener_Char_Info. CharID: 3. Cuenta: LEAN. Error: [MySQL][ODBC 5.3(a) Driver][mysqld-5.5.32]Unknown column 'HerramientaAnim' in 'field list'
14/08/2016 04:18:58 p.m..67 Error en Cuenta_Obtener_Char_Info. CharID: 4. Cuenta: LEAN. Error: [MySQL][ODBC 5.3(a) Driver][mysqld-5.5.32]Unknown column 'HerramientaAnim' in 'field list'
14/08/2016 04:18:58 p.m..67 Error en Cuenta_Obtener_Char_Info. CharID: 5. Cuenta: LEAN. Error: [MySQL][ODBC 5.3(a) Driver][mysqld-5.5.32]Unknown column 'HerramientaAnim' in 'field list'
14/08/2016 04:19:10 p.m..68 Error en Cuenta_Obtener_Char_Info. CharID: 1. Cuenta: LEAN. Error: [MySQL][ODBC 5.3(a) Driver][mysqld-5.5.32]Unknown column 'HerramientaAnim' in 'field list'
14/08/2016 04:19:10 p.m..69 Error en Cuenta_Obtener_Char_Info. CharID: 3. Cuenta: LEAN. Error: [MySQL][ODBC 5.3(a) Driver][mysqld-5.5.32]Unknown column 'HerramientaAnim' in 'field list'
14/08/2016 04:19:10 p.m..69 Error en Cuenta_Obtener_Char_Info. CharID: 4. Cuenta: LEAN. Error: [MySQL][ODBC 5.3(a) Driver][mysqld-5.5.32]Unknown column 'HerramientaAnim' in 'field list'
14/08/2016 04:19:10 p.m..69 Error en Cuenta_Obtener_Char_Info. CharID: 5. Cuenta: LEAN. Error: [MySQL][ODBC 5.3(a) Driver][mysqld-5.5.32]Unknown column 'HerramientaAnim' in 'field list'
14/08/2016 04:19:27 p.m..39 Error en Cuenta_Obtener_Char_Info. CharID: 1. Cuenta: LEAN. Error: [MySQL][ODBC 5.3(a) Driver][mysqld-5.5.32]Unknown column 'HerramientaAnim' in 'field list'
14/08/2016 04:19:27 p.m..39 Error en Cuenta_Obtener_Char_Info. CharID: 3. Cuenta: LEAN. Error: [MySQL][ODBC 5.3(a) Driver][mysqld-5.5.32]Unknown column 'HerramientaAnim' in 'field list'
14/08/2016 04:19:27 p.m..39 Error en Cuenta_Obtener_Char_Info. CharID: 4. Cuenta: LEAN. Error: [MySQL][ODBC 5.3(a) Driver][mysqld-5.5.32]Unknown column 'HerramientaAnim' in 'field list'
14/08/2016 04:19:27 p.m..39 Error en Cuenta_Obtener_Char_Info. CharID: 5. Cuenta: LEAN. Error: [MySQL][ODBC 5.3(a) Driver][mysqld-5.5.32]Unknown column 'HerramientaAnim' in 'field list'
14/08/2016 04:19:44 p.m..81 Error en Char_Guardar_Stats. CharID: 6. Error: [MySQL][ODBC 5.3(a) Driver][mysqld-5.5.32]Unknown column 'HerramientaAnim' in 'field list'
14/08/2016 04:19:44 p.m..81 Error en Char_Guardar_Char. Personaje: perez. Error: 
14/08/2016 04:20:28 p.m..19 Error en Cuenta_Obtener_Char_Info. CharID: 1. Cuenta: LEAN. Error: [MySQL][ODBC 5.3(a) Driver][mysqld-5.5.32]Unknown column 'HerramientaAnim' in 'field list'
14/08/2016 04:20:28 p.m..20 Error en Cuenta_Obtener_Char_Info. CharID: 3. Cuenta: LEAN. Error: [MySQL][ODBC 5.3(a) Driver][mysqld-5.5.32]Unknown column 'HerramientaAnim' in 'field list'
14/08/2016 04:20:28 p.m..20 Error en Cuenta_Obtener_Char_Info. CharID: 4. Cuenta: LEAN. Error: [MySQL][ODBC 5.3(a) Driver][mysqld-5.5.32]Unknown column 'HerramientaAnim' in 'field list'
14/08/2016 04:20:28 p.m..20 Error en Cuenta_Obtener_Char_Info. CharID: 5. Cuenta: LEAN. Error: [MySQL][ODBC 5.3(a) Driver][mysqld-5.5.32]Unknown column 'HerramientaAnim' in 'field list'
01/09/2016 06:04:35 p.m..09 Error en Init_Abrir_DB. Error: [MySQL][ODBC 5.3(a) Driver]Can't connect to MySQL server on 'localhost' (10061)
01/09/2016 06:04:50 p.m..60 Error en Init_Abrir_DB. Error: [MySQL][ODBC 5.3(a) Driver]Can't connect to MySQL server on 'localhost' (10061)
01/09/2016 06:05:03 p.m..33 Error en Init_Abrir_DB. Error: [MySQL][ODBC 5.3(a) Driver]Can't connect to MySQL server on 'localhost' (10061)
16/09/2016 12:42:44 p.m..71 Error en Init_Abrir_DB. Error: [MySQL][ODBC 5.3(a) Driver]Can't connect to MySQL server on 'localhost' (10061)
24/09/2016 12:07:37 a.m..70 Error en Init_Abrir_DB. Error: [MySQL][ODBC 5.3(a) Driver]Can't connect to MySQL server on 'localhost' (10061)
24/09/2016 12:08:02 a.m..05 Error en Init_Abrir_DB. Error: [MySQL][ODBC 5.3(a) Driver]Can't connect to MySQL server on 'localhost' (10061)
20/10/2016 07:28:37 p.m..55 Error en Init_Abrir_DB. Error: [MySQL][ODBC 5.3(a) Driver]Can't connect to MySQL server on 'localhost' (10061)
15/11/2016 11:13:04 p.m..44 Error en Init_Abrir_DB. Error: [MySQL][ODBC 5.3(a) Driver]Can't connect to MySQL server on 'localhost' (10061)
15/11/2016 11:13:36 p.m..54 Error en Init_Abrir_DB. Error: [MySQL][ODBC 5.3(a) Driver]Access denied for user 'root'@'localhost' (using password: YES)
15/11/2016 11:14:04 p.m..68 Error en Init_Abrir_DB. Error: [MySQL][ODBC 5.3(a) Driver]Access denied for user 'root'@'localhost' (using password: YES)
15/11/2016 11:16:14 p.m..57 Error en Init_Abrir_DB. Error: [MySQL][ODBC 5.3(a) Driver]Access denied for user 'root'@'localhost' (using password: YES)
15/11/2016 11:16:29 p.m..16 Error en Init_Abrir_DB. Error: [MySQL][ODBC 5.3(a) Driver]Access denied for user 'root'@'localhost' (using password: YES)
15/11/2016 11:16:50 p.m..37 Error en Init_Abrir_DB. Error: [MySQL][ODBC 5.3(a) Driver]Access denied for user 'root'@'localhost' (using password: YES)
15/11/2016 11:18:33 p.m..66 Error en Init_Abrir_DB. Error: [MySQL][ODBC 5.3(a) Driver]Access denied for user 'root'@'localhost' (using password: YES)
15/11/2016 11:18:51 p.m..42 Error en Init_Abrir_DB. Error: [MySQL][ODBC 5.3(a) Driver]Access denied for user 'root'@'localhost' (using password: YES)
16/11/2016 06:03:26 p.m..70 Error en Init_Abrir_DB. Error: [MySQL][ODBC 5.3(a) Driver]Can't connect to MySQL server on 'localhost' (10061)
16/11/2016 07:20:08 p.m..70 Error en Init_Abrir_DB. Error: [MySQL][ODBC 5.3(a) Driver]Access denied for user 'root'@'localhost' (using password: YES)
16/11/2016 07:20:31 p.m..98 Error en Init_Abrir_DB. Error: [MySQL][ODBC 5.3(a) Driver]Access denied for user 'root'@'localhost' (using password: YES)
24/05/2017 05:55:38 p.m..70 Error en Char_Guardar_Stats. CharID: 3. Error: [MySQL][ODBC 5.3(a) Driver][mysqld-5.6.34-log]Out of range value for column 'EXP' at row 1
24/05/2017 05:55:38 p.m..73 Error en Char_Guardar_Char. Personaje: sarasa. Error: 
24/05/2017 05:57:04 p.m..54 Error en Char_Guardar_Stats. CharID: 3. Error: [MySQL][ODBC 5.3(a) Driver][mysqld-5.6.34-log]Out of range value for column 'EXP' at row 1
24/05/2017 05:57:04 p.m..54 Error en Char_Guardar_Char. Personaje: sarasa. Error: 
24/05/2017 05:57:48 p.m..40 Error en Char_Guardar_Stats. CharID: 3. Error: [MySQL][ODBC 5.3(a) Driver][mysqld-5.6.34-log]Out of range value for column 'EXP' at row 1
24/05/2017 05:57:48 p.m..40 Error en Char_Guardar_Char. Personaje: sarasa. Error: 
24/05/2017 06:14:39 p.m..09 Error en Char_Guardar_Stats. CharID: 3. Error: [MySQL][ODBC 5.3(a) Driver][mysqld-5.6.34-log]Out of range value for column 'EXP' at row 1
24/05/2017 06:14:39 p.m..10 Error en Char_Guardar_Char. Personaje: sarasa. Error: 
24/05/2017 08:25:30 p.m..66 Error en Char_Guardar_Stats. CharID: 3. Error: [MySQL][ODBC 5.3(a) Driver][mysqld-5.6.34-log]Out of range value for column 'EXP' at row 1
24/05/2017 08:25:30 p.m..66 Error en Char_Guardar_Char. Personaje: sarasa. Error: 
11/06/2017 12:13:21 a.m..32 Error en Char_Guardar_Stats. CharID: 3. Error: [MySQL][ODBC 5.3(a) Driver][mysqld-5.6.34-log]Out of range value for column 'EXP' at row 1
11/06/2017 12:13:21 a.m..34 Error en Char_Guardar_Char. Personaje: sarasa. Error: 
11/06/2017 12:14:08 a.m..52 Error en Char_Guardar_Stats. CharID: 3. Error: [MySQL][ODBC 5.3(a) Driver][mysqld-5.6.34-log]Out of range value for column 'EXP' at row 1
11/06/2017 12:14:08 a.m..52 Error en Char_Guardar_Char. Personaje: sarasa. Error: 
03/07/2017 12:30:07 a.m..28 Error en Char_Guardar_Stats. CharID: 4. Error: [MySQL][ODBC 5.3(a) Driver][mysqld-5.6.34-log]Out of range value for column 'EXP' at row 1
03/07/2017 12:30:07 a.m..30 Error en Char_Guardar_Char. Personaje: darasa. Error: 
03/07/2017 12:40:08 a.m..40 Error en Char_Guardar_Stats. CharID: 4. Error: [MySQL][ODBC 5.3(a) Driver][mysqld-5.6.34-log]Out of range value for column 'EXP' at row 1
03/07/2017 12:40:08 a.m..41 Error en Char_Guardar_Char. Personaje: darasa. Error: 
03/07/2017 12:43:29 a.m..43 Error en Char_Guardar_Char. Personaje: darasa. Error: No se ha encontrado la ruta de acceso
03/07/2017 12:47:51 a.m..74 Error en Char_Guardar_Char. Personaje: darasa. Error: No se ha encontrado la ruta de acceso
16/07/2017 03:51:43 p.m..47 Error en Char_Guardar_Char. Personaje: darasa. Error: No se ha encontrado la ruta de acceso
16/07/2017 03:56:43 p.m..59 Error en Char_Guardar_Char. Personaje: darasa. Error: No se ha encontrado la ruta de acceso
16/07/2017 04:00:44 p.m..15 Error en Char_Guardar_Char. Personaje: darasa. Error: No se ha encontrado la ruta de acceso
20/07/2017 12:45:09 a.m..62 Error en Char_Guardar_Char. Personaje: pelito. Error: No se ha encontrado la ruta de acceso
20/07/2017 12:46:56 a.m..64 Error en Char_Guardar_Char. Personaje: pelito. Error: No se ha encontrado la ruta de acceso
20/07/2017 04:59:01 p.m..57 Error en Char_Guardar_Char. Personaje: pelito. Error: No se ha encontrado la ruta de acceso
20/07/2017 05:12:15 p.m..78 Error en Char_Guardar_Char. Personaje: pelito. Error: No se ha encontrado la ruta de acceso
20/07/2017 05:23:05 p.m..50 Error en Char_Guardar_Char. Personaje: pelito. Error: No se ha encontrado la ruta de acceso
21/07/2017 12:56:17 a.m..56 Error en Char_Guardar_Char. Personaje: pelito. Error: No se ha encontrado la ruta de acceso
21/07/2017 01:01:17 a.m..69 Error en Char_Guardar_Char. Personaje: pelito. Error: No se ha encontrado la ruta de acceso
21/07/2017 01:02:36 a.m..52 Error en Char_Guardar_Char. Personaje: pelito. Error: No se ha encontrado la ruta de acceso
21/07/2017 01:06:17 a.m..82 Error en Char_Guardar_Char. Personaje: pelito. Error: No se ha encontrado la ruta de acceso
21/07/2017 01:11:17 a.m..94 Error en Char_Guardar_Char. Personaje: pelito. Error: No se ha encontrado la ruta de acceso
21/07/2017 01:16:18 a.m..04 Error en Char_Guardar_Char. Personaje: pelito. Error: No se ha encontrado la ruta de acceso
21/07/2017 01:20:16 a.m..02 Error en Char_Guardar_Char. Personaje: pelito. Error: No se ha encontrado la ruta de acceso
21/07/2017 01:26:18 a.m..29 Error en Char_Guardar_Char. Personaje: pelito. Error: No se ha encontrado la ruta de acceso
21/07/2017 01:29:26 a.m..40 Error en Char_Guardar_Char. Personaje: pelito. Error: No se ha encontrado la ruta de acceso
21/07/2017 01:41:18 a.m..59 Error en Char_Guardar_Char. Personaje: pelito. Error: No se ha encontrado la ruta de acceso
21/07/2017 01:41:29 a.m..36 Error en Char_Guardar_Char. Personaje: pelito. Error: No se ha encontrado la ruta de acceso
21/07/2017 01:43:21 a.m..50 Error en Char_Guardar_Char. Personaje: pelito. Error: No se ha encontrado la ruta de acceso
22/07/2017 01:39:13 a.m..80 Error en Char_Guardar_Char. Personaje: pelito. Error: No se ha encontrado la ruta de acceso
22/07/2017 01:43:05 a.m..97 Error en Char_Guardar_Char. Personaje: pelito. Error: No se ha encontrado la ruta de acceso
22/07/2017 01:44:00 a.m..11 Error en Char_Guardar_Char. Personaje: pelito. Error: No se ha encontrado la ruta de acceso
22/07/2017 01:44:33 a.m..22 Error en Char_Guardar_Char. Personaje: pelito. Error: No se ha encontrado la ruta de acceso
23/07/2017 01:06:31 a.m..60 Error en Clan_Miembro_Modificar_Dato_Int. ClanIndex: 1. MemberID: 5. Campo: MemberPriv. Dato: 255. Error: [MySQL][ODBC 5.3(a) Driver][mysqld-5.6.34-log]You have an error in your SQL syntax; check the manual that corresponds to your MySQL server version for the right syntax to use near '& MemberID=5' at line 1
23/07/2017 01:08:44 a.m..92 Error en Clan_Miembro_Modificar_Dato_Int. ClanIndex: 2. MemberID: 5. Campo: MemberPriv. Dato: 255. Error: [MySQL][ODBC 5.3(a) Driver][mysqld-5.6.34-log]You have an error in your SQL syntax; check the manual that corresponds to your MySQL server version for the right syntax to use near '& MemberID=5' at line 1
23/07/2017 01:08:57 a.m..47 Error en Clan_Miembro_Modificar_Dato_Int. ClanIndex: 3. MemberID: 5. Campo: MemberPriv. Dato: 255. Error: [MySQL][ODBC 5.3(a) Driver][mysqld-5.6.34-log]You have an error in your SQL syntax; check the manual that corresponds to your MySQL server version for the right syntax to use near '& MemberID=5' at line 1
23/07/2017 01:09:03 a.m..02 Error en Clan_Miembro_Modificar_Dato_Int. ClanIndex: 4. MemberID: 5. Campo: MemberPriv. Dato: 255. Error: [MySQL][ODBC 5.3(a) Driver][mysqld-5.6.34-log]You have an error in your SQL syntax; check the manual that corresponds to your MySQL server version for the right syntax to use near '& MemberID=5' at line 1
23/07/2017 01:09:10 a.m..18 Error en Clan_Miembro_Modificar_Dato_Int. ClanIndex: 5. MemberID: 5. Campo: MemberPriv. Dato: 255. Error: [MySQL][ODBC 5.3(a) Driver][mysqld-5.6.34-log]You have an error in your SQL syntax; check the manual that corresponds to your MySQL server version for the right syntax to use near '& MemberID=5' at line 1
23/11/2017 07:10:02 p.m..94 Error en Char_Guardar_Char. Personaje: pelito. Error: No se ha encontrado la ruta de acceso
23/11/2017 07:15:03 p.m..11 Error en Char_Guardar_Char. Personaje: pelito. Error: No se ha encontrado la ruta de acceso
23/11/2017 07:20:03 p.m..23 Error en Char_Guardar_Char. Personaje: pelito. Error: No se ha encontrado la ruta de acceso
23/11/2017 07:20:14 p.m..38 Error en Char_Guardar_Char. Personaje: pelito. Error: No se ha encontrado la ruta de acceso
24/11/2017 12:23:30 a.m..03 Error en Clan_Solicitudes_Obtener_Cantidad. GuildIndex: 1. Error: [MySQL][ODBC 5.3(a) Driver][mysqld-5.6.34-log]Table 'aurum.clanes_solicitudes' doesn't exist
24/11/2017 12:23:47 a.m..21 Error en Clan_Solicitudes_Obtener_Cantidad. GuildIndex: 1. Error: [MySQL][ODBC 5.3(a) Driver][mysqld-5.6.34-log]Table 'aurum.clanes_solicitudes' doesn't exist
24/11/2017 12:24:06 a.m..84 Error en Clan_Solicitudes_Obtener_Cantidad. GuildIndex: 1. Error: [MySQL][ODBC 5.3(a) Driver][mysqld-5.6.34-log]Table 'aurum.clanes_solicitudes' doesn't exist
24/11/2017 12:26:34 a.m..46 Error en Init_Crear_DB. Error: Variable de tipo Object o la variable de bloque With no está establecida
24/11/2017 12:26:34 a.m..47 Error en Init_Abrir_DB. Error: 
24/11/2017 12:27:30 a.m..84 Error en Init_Crear_DB. Error: Operation is not allowed when the object is closed.
24/11/2017 12:27:32 a.m..40 Error en Init_Abrir_DB. Error: 
24/11/2017 12:31:56 a.m..29 Error en Char_Guardar_Stats. CharID: 2. Error: [MySQL][ODBC 5.3(a) Driver][mysqld-5.6.34-log]Out of range value for column 'EXP' at row 1
24/11/2017 12:31:56 a.m..29 Error en Char_Guardar_Char. Personaje: pelito. Error: 
24/11/2017 12:39:09 a.m..26 Error en Char_Guardar_Stats. CharID: 2. Error: [MySQL][ODBC 5.3(a) Driver][mysqld-5.6.34-log]Out of range value for column 'EXP' at row 1
24/11/2017 12:39:09 a.m..26 Error en Char_Guardar_Char. Personaje: pelito. Error: 
25/11/2017 07:40:58 p.m..72 Error en Clan_Miembro_Modificar_Dato_Int. ClanIndex: 1. MemberID: 1. Campo: MemberPriv. Dato: 255. Error: [MySQL][ODBC 5.3(a) Driver][mysqld-5.6.34-log]You have an error in your SQL syntax; check the manual that corresponds to your MySQL server version for the right syntax to use near '& MemberID=1' at line 1
25/11/2017 08:33:01 p.m..32 Error en Query_IndexChar_Obtener_Dato. CharID: 0. Dato: Raza. Error: 
25/11/2017 09:10:31 p.m..12 Error en Clan_Solicitud_Agregar. GuildIndex: 1. Miembro 3. Error: [MySQL][ODBC 5.3(a) Driver][mysqld-5.6.34-log]Duplicate entry '1-3' for key 'PRIMARY'
25/11/2017 09:14:57 p.m..46 Error en Clan_Solicitud_Agregar. GuildIndex: 1. Miembro 2. Error: [MySQL][ODBC 5.3(a) Driver][mysqld-5.6.34-log]Duplicate entry '1-2' for key 'PRIMARY'
25/11/2017 09:21:11 p.m..59 Error en Query_IndexChar_Obtener_Dato. CharID: 0. Dato: Nombre. Error: 
25/11/2017 10:11:05 p.m..58 Error en Query_IndexChar_Obtener_Dato. CharID: 0. Dato: Nombre. Error: 
25/11/2017 10:29:09 p.m..16 Error en Query_IndexChar_Obtener_Dato. CharID: 0. Dato: Nombre. Error: 
25/11/2017 10:39:45 p.m..74 Error en Query_IndexChar_Obtener_Dato. CharID: 0. Dato: Raza. Error: 
25/11/2017 10:49:19 p.m..80 Error en Query_IndexChar_Obtener_Dato. CharID: 0. Dato: Nombre. Error: 
25/11/2017 10:50:51 p.m..73 Error en Clan_Solicitud_Agregar. GuildIndex: 1. Miembro 3. Error: [MySQL][ODBC 5.3(a) Driver][mysqld-5.6.34-log]Duplicate entry '1-3' for key 'PRIMARY'
25/11/2017 10:51:00 p.m..86 Error en Clan_Solicitud_Agregar. GuildIndex: 1. Miembro 4. Error: [MySQL][ODBC 5.3(a) Driver][mysqld-5.6.34-log]Duplicate entry '1-4' for key 'PRIMARY'
25/11/2017 10:51:08 p.m..15 Error en Clan_Solicitud_Agregar. GuildIndex: 1. Miembro 3. Error: [MySQL][ODBC 5.3(a) Driver][mysqld-5.6.34-log]Duplicate entry '1-3' for key 'PRIMARY'
25/11/2017 10:51:15 p.m..20 Error en Clan_Solicitud_Agregar. GuildIndex: 1. Miembro 4. Error: [MySQL][ODBC 5.3(a) Driver][mysqld-5.6.34-log]Duplicate entry '1-4' for key 'PRIMARY'
25/11/2017 10:51:32 p.m..06 Error en Clan_Solicitud_Agregar. GuildIndex: 1. Miembro 3. Error: [MySQL][ODBC 5.3(a) Driver][mysqld-5.6.34-log]Duplicate entry '1-3' for key 'PRIMARY'
26/11/2017 12:49:57 p.m..82 Error en Query_IndexChar_Obtener_Dato. CharID: 0. Dato: Nombre. Error: 
26/11/2017 12:51:04 p.m..09 Error en Query_IndexChar_Obtener_Dato. CharID: 0. Dato: Raza. Error: 
26/11/2017 01:15:36 p.m..94 Error en Char_Guardar_Stats. CharID: 5. Error: [MySQL][ODBC 5.3(a) Driver][mysqld-5.6.34-log]Out of range value for column 'EXP' at row 1
26/11/2017 01:15:36 p.m..94 Error en Char_Guardar_Char. Personaje: rufus. Error: 
28/11/2017 08:07:04 p.m..98 Error en Query_IndexChar_Obtener_Dato. CharID: 0. Dato: Raza. Error: 
28/11/2017 08:07:38 p.m..10 Error en Query_IndexChar_Obtener_Dato. CharID: 0. Dato: Raza. Error: 
28/11/2017 08:16:19 p.m..46 Error en Query_IndexChar_Obtener_Dato. CharID: 0. Dato: Raza. Error: 
28/11/2017 08:17:38 p.m..33 Error en Query_IndexChar_Obtener_Dato. CharID: 0. Dato: Raza. Error: 
28/11/2017 08:18:27 p.m..25 Error en Clan_Miembro_Modificar_Dato_Int. ClanIndex: 1. MemberID: 6. Campo: MemberPriv. Dato: 32. Error: [MySQL][ODBC 5.3(a) Driver][mysqld-5.6.34-log]You have an error in your SQL syntax; check the manual that corresponds to your MySQL server version for the right syntax to use near '& MemberID=6' at line 1
28/11/2017 08:18:53 p.m..02 Error en Clan_Miembro_Modificar_Dato_Int. ClanIndex: 1. MemberID: 6. Campo: MemberPriv. Dato: 49. Error: [MySQL][ODBC 5.3(a) Driver][mysqld-5.6.34-log]You have an error in your SQL syntax; check the manual that corresponds to your MySQL server version for the right syntax to use near '& MemberID=6' at line 1
28/11/2017 08:18:59 p.m..81 Error en Clan_Miembro_Modificar_Dato_Int. ClanIndex: 1. MemberID: 6. Campo: MemberPriv. Dato: 57. Error: [MySQL][ODBC 5.3(a) Driver][mysqld-5.6.34-log]You have an error in your SQL syntax; check the manual that corresponds to your MySQL server version for the right syntax to use near '& MemberID=6' at line 1
28/11/2017 08:19:09 p.m..90 Error en Clan_Miembro_Modificar_Dato_Int. ClanIndex: 1. MemberID: 6. Campo: MemberPriv. Dato: 1. Error: [MySQL][ODBC 5.3(a) Driver][mysqld-5.6.34-log]You have an error in your SQL syntax; check the manual that corresponds to your MySQL server version for the right syntax to use near '& MemberID=6' at line 1
28/11/2017 08:19:17 p.m..79 Error en Clan_Miembro_Modificar_Dato_Int. ClanIndex: 1. MemberID: 6. Campo: MemberPriv. Dato: 63. Error: [MySQL][ODBC 5.3(a) Driver][mysqld-5.6.34-log]You have an error in your SQL syntax; check the manual that corresponds to your MySQL server version for the right syntax to use near '& MemberID=6' at line 1
08/12/2017 11:02:44 a.m..10 Error en Clan_Miembro_Modificar_Dato_Int. ClanIndex: 2. MemberID: 7. Campo: MemberPriv. Dato: 255. Error: [MySQL][ODBC 5.3(a) Driver][mysqld-5.6.34-log]You have an error in your SQL syntax; check the manual that corresponds to your MySQL server version for the right syntax to use near '& MemberID=7' at line 1
30/09/2018 02:07:39 a.m..12 Error en Init_Abrir_DB. Error: [Microsoft][ODBC Driver Manager] Data source name not found and no default driver specified
30/09/2018 02:49:32 a.m..96 Error en Init_Abrir_DB. Error: [Microsoft][ODBC Driver Manager] Data source name not found and no default driver specified
30/09/2018 03:30:34 a.m..54 Error en Init_Abrir_DB. Error: [Microsoft][ODBC Driver Manager] Data source name not found and no default driver specified
30/09/2018 03:30:57 a.m..10 Error en Init_Abrir_DB. Error: [Microsoft][ODBC Driver Manager] Data source name not found and no default driver specified
30/09/2018 03:31:15 a.m..46 Error en Init_Abrir_DB. Error: [Microsoft][ODBC Driver Manager] Data source name not found and no default driver specified
30/09/2018 03:32:30 a.m..25 Error en Init_Abrir_DB. Error: [Microsoft][ODBC Driver Manager] Data source name not found and no default driver specified
16/03/2019 09:36:26 p.m..31 Error en Init_Abrir_DB. Error: [Microsoft][ODBC Driver Manager] Data source name not found and no default driver specified
16/03/2019 11:21:21 p.m..93 Error en Init_Abrir_DB. Error: [Microsoft][ODBC Driver Manager] Data source name not found and no default driver specified
16/03/2019 11:21:31 p.m..96 Error en Init_Abrir_DB. Error: [Microsoft][ODBC Driver Manager] Data source name not found and no default driver specified
16/03/2019 11:21:51 p.m..27 Error en Init_Abrir_DB. Error: [Microsoft][ODBC Driver Manager] Data source name not found and no default driver specified
16/03/2019 11:22:05 p.m..34 Error en Init_Abrir_DB. Error: [Microsoft][ODBC Driver Manager] Data source name not found and no default driver specified
16/03/2019 11:22:55 p.m..77 Error en Misc_Optimizar_Database. Error: Operation is not allowed when the object is closed.
28/03/2020 08:30:33 a.m..66 Error en Init_Abrir_DB. Error: [Microsoft][Administrador de controladores ODBC] No se encuentra el nombre del origen de datos y no se especificó ningún controlador predeterminado
28/03/2020 07:18:39 p.m..48 Error en Init_Abrir_DB. Error: [Microsoft][Administrador de controladores ODBC] No se encuentra el nombre del origen de datos y no se especificó ningún controlador predeterminado
28/03/2020 07:28:43 p.m..34 Error en Init_Abrir_DB. Error: [Microsoft][Administrador de controladores ODBC] No se encuentra el nombre del origen de datos y no se especificó ningún controlador predeterminado
28/03/2020 07:29:08 p.m..38 Error en Init_Abrir_DB. Error: [Microsoft][Administrador de controladores ODBC] No se encuentra el nombre del origen de datos y no se especificó ningún controlador predeterminado
28/03/2020 07:32:18 p.m..74 Error en Init_Abrir_DB. Error: [Microsoft][Administrador de controladores ODBC] No se encuentra el nombre del origen de datos y no se especificó ningún controlador predeterminado
28/03/2020 07:37:46 p.m..60 Error en Init_Abrir_DB. Error: [Microsoft][Administrador de controladores ODBC] No se encuentra el nombre del origen de datos y no se especificó ningún controlador predeterminado
28/03/2020 07:37:56 p.m..23 Error en Init_Abrir_DB. Error: [Microsoft][Administrador de controladores ODBC] No se encuentra el nombre del origen de datos y no se especificó ningún controlador predeterminado
28/03/2020 08:54:33 p.m..23 Error en Init_Abrir_DB. Error: [Microsoft][Administrador de controladores ODBC] No se encuentra el nombre del origen de datos y no se especificó ningún controlador predeterminado
28/03/2020 08:55:08 p.m..34 Error en Init_Abrir_DB. Error: [Microsoft][Administrador de controladores ODBC] No se encuentra el nombre del origen de datos y no se especificó ningún controlador predeterminado
28/03/2020 08:56:47 p.m..21 Error en Init_Abrir_DB. Error: [Microsoft][Administrador de controladores ODBC] No se encuentra el nombre del origen de datos y no se especificó ningún controlador predeterminado
28/03/2020 09:12:51 p.m..73 Error en Init_Abrir_DB. Error: [Microsoft][Administrador de controladores ODBC] No se encuentra el nombre del origen de datos y no se especificó ningún controlador predeterminado
28/03/2020 09:12:57 p.m..45 Error en Init_Abrir_DB. Error: [Microsoft][Administrador de controladores ODBC] No se encuentra el nombre del origen de datos y no se especificó ningún controlador predeterminado
28/03/2020 09:16:07 p.m..09 Error en Init_Abrir_DB. Error: [Microsoft][Administrador de controladores ODBC] No se encuentra el nombre del origen de datos y no se especificó ningún controlador predeterminado
31/03/2020 04:24:38 a.m..38 Error en Init_Abrir_DB. Error: [Microsoft][Administrador de controladores ODBC] No se encuentra el nombre del origen de datos y no se especificó ningún controlador predeterminado
31/03/2020 04:35:06 a.m..16 Error en Init_Abrir_DB. Error: [Microsoft][Administrador de controladores ODBC] No se encuentra el nombre del origen de datos y no se especificó ningún controlador predeterminado
19/04/2020 09:08:36 p.m..73 Error en Char_Guardar_Stats. CharID: 1. Error: [MySQL][ODBC 5.3(a) Driver][mysqld-8.0.19]Out of range value for column 'EXP' at row 1
19/04/2020 09:08:36 p.m..74 Error en Char_Guardar_Char. Personaje: Zirelay. Error: 
19/04/2020 09:10:05 p.m..63 Error en Char_Guardar_Stats. CharID: 1. Error: [MySQL][ODBC 5.3(a) Driver][mysqld-8.0.19]Out of range value for column 'EXP' at row 1
19/04/2020 09:10:05 p.m..63 Error en Char_Guardar_Char. Personaje: Zirelay. Error: 
19/04/2020 09:20:14 p.m..09 Error en Char_Guardar_Stats. CharID: 1. Error: [MySQL][ODBC 5.3(a) Driver][mysqld-8.0.19]Out of range value for column 'EXP' at row 1
19/04/2020 09:20:14 p.m..09 Error en Char_Guardar_Char. Personaje: Zirelay. Error: 
19/04/2020 09:21:50 p.m..25 Error en Char_Guardar_Stats. CharID: 1. Error: [MySQL][ODBC 5.3(a) Driver][mysqld-8.0.19]Out of range value for column 'EXP' at row 1
19/04/2020 09:21:50 p.m..25 Error en Char_Guardar_Char. Personaje: Zirelay. Error: 
