11/02/2016 12:30:22 a.m..78 Error en CharValidarLoginMap. Nombre: pepe. Error: Subscript out of range
11/02/2016 12:34:49 a.m..96 Error en CharValidarLoginMap. Nombre: pepe. Error: Subscript out of range
11/02/2016 12:35:54 a.m..88 Error en CharValidarLoginMap. Nombre: pepe. Error: Subscript out of range
11/02/2016 12:36:33 a.m..58 Error en CharValidarLoginMap. Nombre: pepe. Error: Subscript out of range
17/04/2016 01:07:29 a.m..89 Error en TratarRespawnList. Error: Overflow
17/04/2016 01:07:29 a.m..89 Error en TratarRespawnList. NpcNumber: 507. NpcLevel: 5. RespawnPos: 2-47-34. RespawnType: 0
10/06/2016 06:49:44 p.m..67 Error en TratarRespawnList. Error: Overflow
10/06/2016 06:49:44 p.m..69 Error en TratarRespawnList. NpcNumber: 507. NpcLevel: 5. RespawnPos: 2-47-34. RespawnType: 0
10/06/2016 06:52:08 p.m..09 Error en TratarRespawnList. Error: Overflow
10/06/2016 06:52:08 p.m..09 Error en TratarRespawnList. NpcNumber: 507. NpcLevel: 5. RespawnPos: 2-47-34. RespawnType: 0
12/06/2016 10:09:02 a.m..09 Error en TratarRespawnList. Error: Overflow
12/06/2016 10:09:02 a.m..10 Error en TratarRespawnList. NpcNumber: 507. NpcLevel: 5. RespawnPos: 2-47-34. RespawnType: 0
12/06/2016 05:47:08 p.m..98 Error en TratarRespawnList. Error: Overflow
12/06/2016 05:47:08 p.m..98 Error en TratarRespawnList. NpcNumber: 507. NpcLevel: 5. RespawnPos: 2-47-34. RespawnType: 0
12/06/2016 07:47:00 p.m..74 Error en TratarRespawnList. Error: Overflow
12/06/2016 07:47:00 p.m..74 Error en TratarRespawnList. NpcNumber: 507. NpcLevel: 5. RespawnPos: 2-47-34. RespawnType: 0
13/06/2016 08:13:06 p.m..56 Error en TratarRespawnList. Error: Overflow
13/06/2016 08:13:06 p.m..60 Error en TratarRespawnList. NpcNumber: 507. NpcLevel: 5. RespawnPos: 2-47-34. RespawnType: 0
14/06/2016 09:29:56 p.m..88 Error en TratarRespawnList. Error: Overflow
14/06/2016 09:29:56 p.m..92 Error en TratarRespawnList. NpcNumber: 507. NpcLevel: 5. RespawnPos: 2-47-34. RespawnType: 0
15/06/2016 08:13:34 p.m..63 Error en TratarRespawnList. Error: Overflow
15/06/2016 08:13:34 p.m..66 Error en TratarRespawnList. NpcNumber: 507. NpcLevel: 5. RespawnPos: 2-47-34. RespawnType: 0
16/06/2016 05:43:15 p.m..93 Error en TratarRespawnList. Error: Overflow
16/06/2016 05:43:15 p.m..97 Error en TratarRespawnList. NpcNumber: 507. NpcLevel: 5. RespawnPos: 2-47-34. RespawnType: 0
22/06/2016 07:54:24 p.m..58 Error en TratarRespawnList. Error: Overflow
22/06/2016 07:54:24 p.m..62 Error en TratarRespawnList. NpcNumber: 507. NpcLevel: 5. RespawnPos: 2-47-34. RespawnType: 0
24/06/2016 10:01:18 p.m..18 Error en TratarRespawnList. Error: Overflow
24/06/2016 10:01:18 p.m..24 Error en TratarRespawnList. NpcNumber: 507. NpcLevel: 5. RespawnPos: 2-47-34. RespawnType: 0
24/06/2016 10:02:23 p.m..08 Error en TratarRespawnList. Error: Overflow
24/06/2016 10:02:23 p.m..08 Error en TratarRespawnList. NpcNumber: 507. NpcLevel: 5. RespawnPos: 2-47-34. RespawnType: 0
25/06/2016 04:45:02 p.m..33 Error en TratarRespawnList. Error: Overflow
25/06/2016 04:45:02 p.m..36 Error en TratarRespawnList. NpcNumber: 507. NpcLevel: 5. RespawnPos: 2-47-34. RespawnType: 0
26/06/2016 01:10:01 a.m..26 Error en TratarRespawnList. Error: Overflow
26/06/2016 01:10:01 a.m..37 Error en TratarRespawnList. NpcNumber: 507. NpcLevel: 5. RespawnPos: 2-47-34. RespawnType: 0
26/06/2016 02:34:40 p.m..01 Error en TratarRespawnList. Error: Overflow
26/06/2016 02:34:40 p.m..06 Error en TratarRespawnList. NpcNumber: 507. NpcLevel: 5. RespawnPos: 2-47-34. RespawnType: 0
26/06/2016 02:42:35 p.m..07 Error en TratarRespawnList. Error: Overflow
26/06/2016 02:42:35 p.m..07 Error en TratarRespawnList. NpcNumber: 507. NpcLevel: 5. RespawnPos: 2-47-34. RespawnType: 0
28/06/2016 09:42:40 p.m..45 Error en TratarRespawnList. Error: Overflow
28/06/2016 09:42:40 p.m..48 Error en TratarRespawnList. NpcNumber: 507. NpcLevel: 5. RespawnPos: 2-47-34. RespawnType: 0
01/07/2016 06:12:54 p.m..20 Error en TratarRespawnList. Error: Overflow
01/07/2016 06:12:54 p.m..34 Error en TratarRespawnList. NpcNumber: 507. NpcLevel: 5. RespawnPos: 2-47-34. RespawnType: 0
03/07/2016 06:21:36 p.m..84 Error en TratarRespawnList. Error: Overflow
03/07/2016 06:21:37 p.m..11 Error en TratarRespawnList. NpcNumber: 507. NpcLevel: 5. RespawnPos: 2-47-34. RespawnType: 0
04/07/2016 07:03:06 p.m..70 Error en TratarRespawnList. Error: Overflow
04/07/2016 07:03:06 p.m..88 Error en TratarRespawnList. NpcNumber: 507. NpcLevel: 5. RespawnPos: 2-47-34. RespawnType: 0
05/07/2016 06:07:37 p.m..97 Error en TratarRespawnList. Error: Overflow
05/07/2016 06:07:38 p.m..00 Error en TratarRespawnList. NpcNumber: 507. NpcLevel: 5. RespawnPos: 2-47-34. RespawnType: 0
05/07/2016 06:16:35 p.m..13 Error en TratarRespawnList. Error: Overflow
05/07/2016 06:16:35 p.m..13 Error en TratarRespawnList. NpcNumber: 507. NpcLevel: 5. RespawnPos: 2-47-34. RespawnType: 0
05/07/2016 08:52:27 p.m..84 Error en TratarRespawnList. Error: Overflow
05/07/2016 08:52:27 p.m..84 Error en TratarRespawnList. NpcNumber: 507. NpcLevel: 5. RespawnPos: 2-47-34. RespawnType: 0
06/07/2016 08:19:29 p.m..85 Error en TratarRespawnList. Error: Overflow
06/07/2016 08:19:29 p.m..90 Error en TratarRespawnList. NpcNumber: 507. NpcLevel: 5. RespawnPos: 2-47-34. RespawnType: 0
08/07/2016 03:48:39 p.m..37 Error en TratarRespawnList. Error: Overflow
08/07/2016 03:48:39 p.m..41 Error en TratarRespawnList. NpcNumber: 507. NpcLevel: 5. RespawnPos: 2-47-34. RespawnType: 0
10/07/2016 11:00:54 a.m..24 Error en TratarRespawnList. Error: Overflow
10/07/2016 11:00:54 a.m..61 Error en TratarRespawnList. NpcNumber: 507. NpcLevel: 5. RespawnPos: 2-47-34. RespawnType: 0
11/07/2016 07:06:45 p.m..21 Error en TratarRespawnList. Error: Overflow
11/07/2016 07:06:45 p.m..23 Error en TratarRespawnList. NpcNumber: 507. NpcLevel: 5. RespawnPos: 2-47-34. RespawnType: 0
11/07/2016 11:06:32 p.m..49 Error en TratarRespawnList. Error: Overflow
11/07/2016 11:06:32 p.m..52 Error en TratarRespawnList. NpcNumber: 507. NpcLevel: 5. RespawnPos: 2-47-34. RespawnType: 0
12/07/2016 08:18:33 p.m..80 Error en TratarRespawnList. Error: Overflow
12/07/2016 08:18:33 p.m..85 Error en TratarRespawnList. NpcNumber: 507. NpcLevel: 5. RespawnPos: 2-47-34. RespawnType: 0
12/07/2016 08:38:57 p.m..55 Error en TratarRespawnList. Error: Overflow
12/07/2016 08:38:57 p.m..55 Error en TratarRespawnList. NpcNumber: 507. NpcLevel: 5. RespawnPos: 2-47-34. RespawnType: 0
12/07/2016 08:39:24 p.m..60 Error en TratarRespawnList. Error: Overflow
12/07/2016 08:39:24 p.m..60 Error en TratarRespawnList. NpcNumber: 507. NpcLevel: 5. RespawnPos: 2-47-34. RespawnType: 0
15/07/2016 02:08:51 p.m..29 Error en TratarRespawnList. Error: Overflow
15/07/2016 02:08:51 p.m..33 Error en TratarRespawnList. NpcNumber: 507. NpcLevel: 5. RespawnPos: 2-47-34. RespawnType: 0
16/07/2016 03:17:37 p.m..64 Error en TratarRespawnList. Error: Overflow
16/07/2016 03:17:37 p.m..66 Error en TratarRespawnList. NpcNumber: 507. NpcLevel: 5. RespawnPos: 2-47-34. RespawnType: 0
16/07/2016 08:18:42 p.m..52 Error en TratarRespawnList. Error: Overflow
16/07/2016 08:18:42 p.m..66 Error en TratarRespawnList. NpcNumber: 507. NpcLevel: 5. RespawnPos: 2-47-34. RespawnType: 0
18/07/2016 08:05:37 p.m..16 Error en TratarRespawnList. Error: Overflow
18/07/2016 08:05:37 p.m..19 Error en TratarRespawnList. NpcNumber: 507. NpcLevel: 5. RespawnPos: 2-47-34. RespawnType: 0
18/07/2016 11:57:30 p.m..35 Error en TratarRespawnList. Error: Overflow
18/07/2016 11:57:30 p.m..45 Error en TratarRespawnList. NpcNumber: 507. NpcLevel: 5. RespawnPos: 2-47-34. RespawnType: 0
20/07/2016 03:52:15 p.m..96 Error en TratarRespawnList. Error: Overflow
20/07/2016 03:52:15 p.m..00 Error en TratarRespawnList. NpcNumber: 507. NpcLevel: 5. RespawnPos: 2-47-34. RespawnType: 0
22/07/2016 07:25:32 p.m..98 Error en TratarRespawnList. Error: Overflow
22/07/2016 07:25:33 p.m..14 Error en TratarRespawnList. NpcNumber: 507. NpcLevel: 5. RespawnPos: 2-47-34. RespawnType: 0
23/07/2016 01:21:31 a.m..49 Error en TratarRespawnList. Error: Overflow
23/07/2016 01:21:31 a.m..51 Error en TratarRespawnList. NpcNumber: 507. NpcLevel: 5. RespawnPos: 2-47-34. RespawnType: 0
23/07/2016 06:55:34 p.m..18 Error en TratarRespawnList. Error: Overflow
23/07/2016 06:55:34 p.m..68 Error en TratarRespawnList. NpcNumber: 507. NpcLevel: 5. RespawnPos: 2-47-34. RespawnType: 0
30/07/2016 12:51:40 a.m..49 Error en TratarRespawnList. Error: Overflow
30/07/2016 12:51:40 a.m..57 Error en TratarRespawnList. NpcNumber: 507. NpcLevel: 5. RespawnPos: 2-47-34. RespawnType: 0
08/08/2016 08:34:06 p.m..39 Error en TratarRespawnList. Error: Overflow
08/08/2016 08:34:06 p.m..42 Error en TratarRespawnList. NpcNumber: 507. NpcLevel: 5. RespawnPos: 2-47-34. RespawnType: 0
09/08/2016 07:27:37 p.m..04 Error en TratarRespawnList. Error: Overflow
09/08/2016 07:27:37 p.m..09 Error en TratarRespawnList. NpcNumber: 507. NpcLevel: 5. RespawnPos: 2-47-34. RespawnType: 0
10/08/2016 12:29:07 a.m..88 Error en TratarRespawnList. Error: Overflow
10/08/2016 12:29:07 a.m..92 Error en TratarRespawnList. NpcNumber: 507. NpcLevel: 5. RespawnPos: 2-47-34. RespawnType: 0
10/08/2016 06:55:28 p.m..85 Error en TratarRespawnList. Error: Overflow
10/08/2016 06:55:28 p.m..88 Error en TratarRespawnList. NpcNumber: 507. NpcLevel: 5. RespawnPos: 2-47-34. RespawnType: 0
11/08/2016 08:17:00 p.m..38 Error en TratarRespawnList. Error: Overflow
11/08/2016 08:17:00 p.m..40 Error en TratarRespawnList. NpcNumber: 507. NpcLevel: 5. RespawnPos: 2-47-34. RespawnType: 0
12/08/2016 07:08:54 p.m..09 Error en TratarRespawnList. Error: Overflow
12/08/2016 07:08:54 p.m..12 Error en TratarRespawnList. NpcNumber: 507. NpcLevel: 5. RespawnPos: 2-47-34. RespawnType: 0
13/08/2016 11:12:59 a.m..30 Error en TratarRespawnList. Error: Overflow
13/08/2016 11:12:59 a.m..39 Error en TratarRespawnList. NpcNumber: 507. NpcLevel: 5. RespawnPos: 2-47-34. RespawnType: 0
13/08/2016 12:10:56 p.m..54 Error en TratarRespawnList. Error: Overflow
13/08/2016 12:10:56 p.m..54 Error en TratarRespawnList. NpcNumber: 507. NpcLevel: 5. RespawnPos: 2-47-34. RespawnType: 0
13/08/2016 08:23:06 p.m..64 Error en TratarRespawnList. Error: Overflow
13/08/2016 08:23:06 p.m..80 Error en TratarRespawnList. NpcNumber: 507. NpcLevel: 5. RespawnPos: 2-47-34. RespawnType: 0
14/08/2016 04:16:35 p.m..36 Error en TratarRespawnList. Error: Overflow
14/08/2016 04:16:35 p.m..52 Error en TratarRespawnList. NpcNumber: 507. NpcLevel: 5. RespawnPos: 2-47-34. RespawnType: 0
14/08/2016 04:26:55 p.m..39 Error en HandleIncomingData. Error: Subscript out of range UserInfo: [LEAN:Sarasa:127.0.0.1:00238BE096E1]. Dump:  - 0 - 0 - 10 - 75 - 1 - 32 - 70 - 26 - 6 - 79. DumpEx: -79-2-52. Linea: 340
14/08/2016 04:26:55 p.m..39 [HandleIncomingData - UserLogged] No procesó 79. Lenght: 1. Info: [LEAN:Sarasa:127.0.0.1:00238BE096E1]. Dump:  - 0 - 0 - 10 - 75 - 1 - 32 - 70 - 26 - 6 - 79. DumpEx: -79-2-52. Error: 
23/10/2016 07:49:30 p.m..95 Error en HandleIncomingData. Error: Subscript out of range UserInfo: [LEAN:sarasa:127.0.0.1:00238BE096E1]. Dump:  - 75 - 0 - 32 - 70 - 4 - 17 - 18 - 25 - 17 - 117. DumpEx: -117-1-4-1-0-39-17-14-57-14. Linea: 340
23/10/2016 07:49:30 p.m..98 [HandleIncomingData - UserLogged] No procesó 117. Lenght: 5. Info: [LEAN:sarasa:127.0.0.1:00238BE096E1]. Dump:  - 75 - 0 - 32 - 70 - 4 - 17 - 18 - 25 - 17 - 117. DumpEx: -117-1-4-1-0-39-17-14-57-14. Error: 
23/10/2016 07:49:48 p.m..06 Error en HandleIncomingData. Error: Subscript out of range UserInfo: [LEAN:sarasa:127.0.0.1:00238BE096E1]. Dump:  - 17 - 22 - 17 - 21 - 17 - 22 - 17 - 17 - 17 - 117. DumpEx: -117-1-4-1-0-68-17-16-56-48. Linea: 340
23/10/2016 07:49:48 p.m..06 [HandleIncomingData - UserLogged] No procesó 117. Lenght: 5. Info: [LEAN:sarasa:127.0.0.1:00238BE096E1]. Dump:  - 17 - 22 - 17 - 21 - 17 - 22 - 17 - 17 - 17 - 117. DumpEx: -117-1-4-1-0-68-17-16-56-48. Error: 
23/10/2016 07:50:15 p.m..54 Error en HandleIncomingData. Error: Subscript out of range UserInfo: [LEAN:sarasa:127.0.0.1:00238BE096E1]. Dump:  - 32 - 4 - 70 - 4 - 70 - 4 - 17 - 18 - 17 - 117. DumpEx: -117-1-4-1-0-89-17-16-56-20. Linea: 340
23/10/2016 07:50:15 p.m..55 [HandleIncomingData - UserLogged] No procesó 117. Lenght: 5. Info: [LEAN:sarasa:127.0.0.1:00238BE096E1]. Dump:  - 32 - 4 - 70 - 4 - 70 - 4 - 17 - 18 - 17 - 117. DumpEx: -117-1-4-1-0-89-17-16-56-20. Error: 
24/10/2016 06:45:43 p.m..75 Error en HandleIncomingData. Error: Overflow UserInfo: [LEAN:sarasa:127.0.0.1:00238BE096E1]. Dump:  - 18 - 17 - 17 - 21 - 17 - 22 - 17 - 17 - 17 - 117. DumpEx: -117-1-4-232-3-67-17-13-61-85. Linea: 340
24/10/2016 06:45:43 p.m..78 [HandleIncomingData - UserLogged] No procesó 117. Lenght: 5. Info: [LEAN:sarasa:127.0.0.1:00238BE096E1]. Dump:  - 18 - 17 - 17 - 21 - 17 - 22 - 17 - 17 - 17 - 117. DumpEx: -117-1-4-232-3-67-17-13-61-85. Error: 
24/05/2017 05:58:34 p.m..10 Error en AdminEnviarMailUsuario. Error: No se ha encontrado la ruta de acceso
24/05/2017 09:04:19 p.m..17 Error en AdminEnviarMailUsuario. Error: No se ha encontrado la ruta de acceso
28/05/2017 11:43:19 a.m..84 Error en AdminEnviarMailUsuario. Error: No se ha encontrado la ruta de acceso
28/05/2017 12:43:58 p.m..56 Error en AdminEnviarMailUsuario. Error: No se ha encontrado la ruta de acceso
28/05/2017 01:06:04 p.m..27 Error en AdminEnviarMailUsuario. Error: No se ha encontrado la ruta de acceso
28/05/2017 10:59:08 p.m..34 Error en AdminEnviarMailUsuario. Error: No se ha encontrado la ruta de acceso
03/06/2017 04:31:33 p.m..29 Error en EnviarMailUsuario. Error: No se ha encontrado la ruta de acceso
03/06/2017 04:31:54 p.m..10 Error en EnviarMailUsuario. Error: No se ha encontrado la ruta de acceso
03/06/2017 04:32:26 p.m..79 Error en EnviarMailUsuario. Error: No se ha encontrado la ruta de acceso
03/06/2017 04:38:47 p.m..95 Error en EnviarMailUsuario. Error: No se ha encontrado la ruta de acceso
22/11/2017 06:05:00 p.m..27 Error en handleRequestguildInfo. Error: Variable de tipo Object o la variable de bloque With no está establecida
22/11/2017 06:05:00 p.m..28 Error en HandleIncomingData. Error: Llamada a procedimiento o argumento no válidos UserInfo: [LEAN:pelito:127.0.0.1:005056C00008]. Dump:  - 0 - 0 - 0 - 0 - 10 - 75 - 0 - 32 - 9 - 9. DumpEx: -9-2-67-17-46-49-39. Linea: 340
22/11/2017 06:05:00 p.m..28 [HandleIncomingData - UserLogged] No procesó 9. Lenght: 5. Info: [LEAN:pelito:127.0.0.1:005056C00008]. Dump:  - 0 - 0 - 0 - 0 - 10 - 75 - 0 - 32 - 9 - 9. DumpEx: -9-2-67-17-46-49-39. Error: 
23/11/2017 08:36:58 p.m..96 Error en HandleIncomingData. Error:  UserInfo: [LEAN:pelito:127.0.0.1:005056C00008]. Dump:  - 0 - 0 - 0 - 0 - 10 - 75 - 0 - 32 - 9 - 9. DumpEx: -9-0-27-17-50-55-15. Linea: 340
23/11/2017 08:36:58 p.m..99 [HandleIncomingData - UserLogged] No procesó 9. Lenght: 7. Info: [LEAN:pelito:127.0.0.1:005056C00008]. Dump:  - 0 - 0 - 0 - 0 - 10 - 75 - 0 - 32 - 9 - 9. DumpEx: -9-0-27-17-50-55-15. Error: 
25/11/2017 08:52:35 p.m..31 Error en handleRequestguildInfo. Error: El subíndice está fuera del intervalo
25/11/2017 08:52:36 p.m..48 Error en HandleIncomingData. Error: Llamada a procedimiento o argumento no válidos UserInfo: [LEAN:pelito:127.0.0.1:005056C00008]. Dump:  - 0 - 32 - 17 - 18 - 9 - 9 - 17 - 9 - 9 - 9. DumpEx: -9-15-2-0-93. Linea: 340
25/11/2017 08:52:37 p.m..61 [HandleIncomingData - UserLogged] No procesó 9. Lenght: 1. Info: [LEAN:pelito:127.0.0.1:005056C00008]. Dump:  - 0 - 32 - 17 - 18 - 9 - 9 - 17 - 9 - 9 - 9. DumpEx: -9-15-2-0-93. Error: 
19/04/2020 09:21:39 p.m..95 Error en NPC_TIRAR_ITEMS. Error: El subíndice está fuera del intervalo
19/04/2020 09:21:39 p.m..98 Error en NPC_TIRAR_ITEMS. Error: El subíndice está fuera del intervalo
19/04/2020 09:35:50 p.m..48 Error en NPC_TIRAR_ITEMS. Error: El subíndice está fuera del intervalo
19/04/2020 09:35:50 p.m..48 Error en NPC_TIRAR_ITEMS. Error: El subíndice está fuera del intervalo
