23/07/2017 01:06:31 a.m..68 pelito creó el clan pepe team
23/07/2017 01:08:44 a.m..98 pelito creó el clan lele
23/07/2017 01:08:57 a.m..55 pelito creó el clan tarira
23/07/2017 01:09:03 a.m..07 pelito creó el clan teto
23/07/2017 01:09:10 a.m..25 pelito creó el clan tartadejq
25/11/2017 07:40:58 p.m..82 pelito creó el clan Perritos
25/11/2017 09:14:31 p.m..39 [Perritos]  fue aceptado al clan
25/11/2017 10:13:38 p.m..35 [Perritos] TARARIRA fue aceptado al clan
25/11/2017 10:15:18 p.m..03 [Perritos] TARARIRA fue aceptado al clan
25/11/2017 10:54:16 p.m..65 [Perritos] TETE fue aceptado al clan
26/11/2017 12:58:55 p.m..79 [Perritos] pelito expulsó a TARARIRA
26/11/2017 01:04:18 p.m..95 [Perritos] pelito expulsó a TETE
26/11/2017 01:09:23 p.m..80 [Perritos] RUFUS fue aceptado al clan
26/11/2017 01:09:31 p.m..18 [Perritos] pelito expulsó a RUFUS
26/11/2017 01:16:35 p.m..94 [Perritos] GAGA fue aceptado al clan
26/11/2017 01:16:45 p.m..56 [Perritos] pelito expulsó a GAGA
26/11/2017 01:17:43 p.m..73 [Perritos] GAGA fue aceptado al clan
26/11/2017 01:36:25 p.m..29 [m_BorrarPersonajeClan] Se ha borrado el personaje RUFUS del clan Perritos
26/11/2017 01:36:31 p.m..32 [m_BorrarPersonajeClan] Se ha borrado el personaje TETE del clan Perritos
28/11/2017 08:07:04 p.m..97 [Perritos] pelito seteo privilegio 2 a 
28/11/2017 08:07:38 p.m..10 [Perritos] pelito seteo privilegio 2 a 
28/11/2017 08:16:19 p.m..45 [Perritos] pelito seteo privilegio 2 a 
28/11/2017 08:17:09 p.m..22 [Perritos] pelito seteo privilegio 2 a 
28/11/2017 08:18:34 p.m..05 [Perritos] pelito seteo privilegio 32 a 
28/11/2017 08:18:53 p.m..02 [Perritos] pelito seteo privilegio 49 a 
28/11/2017 08:18:59 p.m..81 [Perritos] pelito seteo privilegio 57 a 
28/11/2017 08:19:09 p.m..90 [Perritos] pelito seteo privilegio 1 a 
28/11/2017 08:19:17 p.m..79 [Perritos] pelito seteo privilegio 63 a 
08/12/2017 11:02:44 a.m..22 chorizo creó el clan La banda
